{"C:\\Users\\Aprendiz\\Desktop\\ModaMagica\\moda-magica-backend (1)\\moda-magica-backend\\src\\controllers\\Categorias\\categorias.controller.js": {"path":"C:\\Users\\Aprendiz\\Desktop\\ModaMagica\\moda-magica-backend (1)\\moda-magica-backend\\src\\controllers\\Categorias\\categorias.controller.js","statementMap":{"0":{"start":{"line":1,"column":13},"end":{"line":1,"column":39}},"1":{"start":{"line":3,"column":16},"end":{"line":20,"column":1}},"2":{"start":{"line":4,"column":18},"end":{"line":4,"column":20}},"3":{"start":{"line":5,"column":21},"end":{"line":5,"column":50}},"4":{"start":{"line":7,"column":2},"end":{"line":12,"column":76}},"5":{"start":{"line":8,"column":4},"end":{"line":8,"column":59}},"6":{"start":{"line":9,"column":7},"end":{"line":12,"column":76}},"7":{"start":{"line":10,"column":4},"end":{"line":10,"column":71}},"8":{"start":{"line":11,"column":7},"end":{"line":12,"column":76}},"9":{"start":{"line":12,"column":4},"end":{"line":12,"column":76}},"10":{"start":{"line":14,"column":2},"end":{"line":17,"column":76}},"11":{"start":{"line":15,"column":4},"end":{"line":15,"column":59}},"12":{"start":{"line":16,"column":7},"end":{"line":17,"column":76}},"13":{"start":{"line":17,"column":4},"end":{"line":17,"column":76}},"14":{"start":{"line":19,"column":2},"end":{"line":19,"column":17}},"15":{"start":{"line":22,"column":15},"end":{"line":31,"column":1}},"16":{"start":{"line":23,"column":2},"end":{"line":30,"column":3}},"17":{"start":{"line":24,"column":19},"end":{"line":26,"column":5}},"18":{"start":{"line":27,"column":4},"end":{"line":27,"column":26}},"19":{"start":{"line":29,"column":4},"end":{"line":29,"column":49}},"20":{"start":{"line":33,"column":16},"end":{"line":45,"column":1}},"21":{"start":{"line":34,"column":2},"end":{"line":44,"column":3}},"22":{"start":{"line":35,"column":19},"end":{"line":38,"column":5}},"23":{"start":{"line":39,"column":4},"end":{"line":40,"column":73}},"24":{"start":{"line":40,"column":6},"end":{"line":40,"column":73}},"25":{"start":{"line":41,"column":4},"end":{"line":41,"column":29}},"26":{"start":{"line":43,"column":4},"end":{"line":43,"column":49}},"27":{"start":{"line":47,"column":15},"end":{"line":69,"column":1}},"28":{"start":{"line":48,"column":18},"end":{"line":48,"column":35}},"29":{"start":{"line":49,"column":2},"end":{"line":50,"column":45}},"30":{"start":{"line":50,"column":4},"end":{"line":50,"column":45}},"31":{"start":{"line":52,"column":44},"end":{"line":52,"column":52}},"32":{"start":{"line":53,"column":2},"end":{"line":68,"column":3}},"33":{"start":{"line":54,"column":19},"end":{"line":57,"column":5}},"34":{"start":{"line":58,"column":4},"end":{"line":59,"column":88}},"35":{"start":{"line":59,"column":6},"end":{"line":59,"column":88}},"36":{"start":{"line":61,"column":19},"end":{"line":64,"column":5}},"37":{"start":{"line":65,"column":4},"end":{"line":65,"column":41}},"38":{"start":{"line":67,"column":4},"end":{"line":67,"column":49}},"39":{"start":{"line":71,"column":15},"end":{"line":97,"column":1}},"40":{"start":{"line":72,"column":18},"end":{"line":72,"column":35}},"41":{"start":{"line":73,"column":2},"end":{"line":74,"column":45}},"42":{"start":{"line":74,"column":4},"end":{"line":74,"column":45}},"43":{"start":{"line":76,"column":52},"end":{"line":76,"column":60}},"44":{"start":{"line":77,"column":2},"end":{"line":96,"column":3}},"45":{"start":{"line":78,"column":19},"end":{"line":81,"column":5}},"46":{"start":{"line":82,"column":4},"end":{"line":83,"column":89}},"47":{"start":{"line":83,"column":6},"end":{"line":83,"column":89}},"48":{"start":{"line":85,"column":19},"end":{"line":90,"column":5}},"49":{"start":{"line":91,"column":4},"end":{"line":92,"column":73}},"50":{"start":{"line":92,"column":6},"end":{"line":92,"column":73}},"51":{"start":{"line":93,"column":4},"end":{"line":93,"column":29}},"52":{"start":{"line":95,"column":4},"end":{"line":95,"column":49}},"53":{"start":{"line":99,"column":15},"end":{"line":118,"column":1}},"54":{"start":{"line":100,"column":2},"end":{"line":117,"column":3}},"55":{"start":{"line":108,"column":19},"end":{"line":111,"column":5}},"56":{"start":{"line":112,"column":4},"end":{"line":113,"column":73}},"57":{"start":{"line":113,"column":6},"end":{"line":113,"column":73}},"58":{"start":{"line":114,"column":4},"end":{"line":114,"column":64}},"59":{"start":{"line":116,"column":4},"end":{"line":116,"column":49}},"60":{"start":{"line":120,"column":0},"end":{"line":120,"column":61}}},"fnMap":{"0":{"name":"(anonymous_0)","decl":{"start":{"line":3,"column":16},"end":{"line":3,"column":17}},"loc":{"start":{"line":3,"column":55},"end":{"line":20,"column":1}},"line":3},"1":{"name":"(anonymous_1)","decl":{"start":{"line":22,"column":15},"end":{"line":22,"column":16}},"loc":{"start":{"line":22,"column":35},"end":{"line":31,"column":1}},"line":22},"2":{"name":"(anonymous_2)","decl":{"start":{"line":33,"column":16},"end":{"line":33,"column":17}},"loc":{"start":{"line":33,"column":36},"end":{"line":45,"column":1}},"line":33},"3":{"name":"(anonymous_3)","decl":{"start":{"line":47,"column":15},"end":{"line":47,"column":16}},"loc":{"start":{"line":47,"column":35},"end":{"line":69,"column":1}},"line":47},"4":{"name":"(anonymous_4)","decl":{"start":{"line":71,"column":15},"end":{"line":71,"column":16}},"loc":{"start":{"line":71,"column":35},"end":{"line":97,"column":1}},"line":71},"5":{"name":"(anonymous_5)","decl":{"start":{"line":99,"column":15},"end":{"line":99,"column":16}},"loc":{"start":{"line":99,"column":35},"end":{"line":118,"column":1}},"line":99}},"branchMap":{"0":{"loc":{"start":{"line":7,"column":2},"end":{"line":12,"column":76}},"type":"if","locations":[{"start":{"line":7,"column":2},"end":{"line":12,"column":76}},{"start":{"line":9,"column":7},"end":{"line":12,"column":76}}],"line":7},"1":{"loc":{"start":{"line":7,"column":6},"end":{"line":7,"column":51}},"type":"binary-expr","locations":[{"start":{"line":7,"column":6},"end":{"line":7,"column":23}},{"start":{"line":7,"column":27},"end":{"line":7,"column":51}}],"line":7},"2":{"loc":{"start":{"line":9,"column":7},"end":{"line":12,"column":76}},"type":"if","locations":[{"start":{"line":9,"column":7},"end":{"line":12,"column":76}},{"start":{"line":11,"column":7},"end":{"line":12,"column":76}}],"line":9},"3":{"loc":{"start":{"line":11,"column":7},"end":{"line":12,"column":76}},"type":"if","locations":[{"start":{"line":11,"column":7},"end":{"line":12,"column":76}},{"start":{},"end":{}}],"line":11},"4":{"loc":{"start":{"line":14,"column":2},"end":{"line":17,"column":76}},"type":"if","locations":[{"start":{"line":14,"column":2},"end":{"line":17,"column":76}},{"start":{"line":16,"column":7},"end":{"line":17,"column":76}}],"line":14},"5":{"loc":{"start":{"line":14,"column":6},"end":{"line":14,"column":41}},"type":"binary-expr","locations":[{"start":{"line":14,"column":6},"end":{"line":14,"column":18}},{"start":{"line":14,"column":22},"end":{"line":14,"column":41}}],"line":14},"6":{"loc":{"start":{"line":16,"column":7},"end":{"line":17,"column":76}},"type":"if","locations":[{"start":{"line":16,"column":7},"end":{"line":17,"column":76}},{"start":{},"end":{}}],"line":16},"7":{"loc":{"start":{"line":39,"column":4},"end":{"line":40,"column":73}},"type":"if","locations":[{"start":{"line":39,"column":4},"end":{"line":40,"column":73}},{"start":{},"end":{}}],"line":39},"8":{"loc":{"start":{"line":49,"column":2},"end":{"line":50,"column":45}},"type":"if","locations":[{"start":{"line":49,"column":2},"end":{"line":50,"column":45}},{"start":{},"end":{}}],"line":49},"9":{"loc":{"start":{"line":58,"column":4},"end":{"line":59,"column":88}},"type":"if","locations":[{"start":{"line":58,"column":4},"end":{"line":59,"column":88}},{"start":{},"end":{}}],"line":58},"10":{"loc":{"start":{"line":73,"column":2},"end":{"line":74,"column":45}},"type":"if","locations":[{"start":{"line":73,"column":2},"end":{"line":74,"column":45}},{"start":{},"end":{}}],"line":73},"11":{"loc":{"start":{"line":82,"column":4},"end":{"line":83,"column":89}},"type":"if","locations":[{"start":{"line":82,"column":4},"end":{"line":83,"column":89}},{"start":{},"end":{}}],"line":82},"12":{"loc":{"start":{"line":91,"column":4},"end":{"line":92,"column":73}},"type":"if","locations":[{"start":{"line":91,"column":4},"end":{"line":92,"column":73}},{"start":{},"end":{}}],"line":91},"13":{"loc":{"start":{"line":112,"column":4},"end":{"line":113,"column":73}},"type":"if","locations":[{"start":{"line":112,"column":4},"end":{"line":113,"column":73}},{"start":{},"end":{}}],"line":112}},"s":{"0":1,"1":1,"2":13,"3":13,"4":13,"5":2,"6":11,"7":1,"8":10,"9":1,"10":13,"11":2,"12":11,"13":1,"14":13,"15":1,"16":2,"17":2,"18":1,"19":1,"20":1,"21":3,"22":3,"23":2,"24":1,"25":1,"26":1,"27":1,"28":8,"29":8,"30":5,"31":3,"32":3,"33":3,"34":2,"35":1,"36":1,"37":1,"38":1,"39":1,"40":5,"41":5,"42":1,"43":4,"44":4,"45":4,"46":3,"47":1,"48":2,"49":2,"50":1,"51":1,"52":1,"53":1,"54":3,"55":3,"56":2,"57":1,"58":1,"59":1,"60":1},"f":{"0":13,"1":2,"2":3,"3":8,"4":5,"5":3},"b":{"0":[2,11],"1":[13,12],"2":[1,10],"3":[1,9],"4":[2,11],"5":[13,12],"6":[1,10],"7":[1,1],"8":[5,3],"9":[1,1],"10":[1,4],"11":[1,2],"12":[1,1],"13":[1,1]},"_coverageSchema":"1a1c01bbd47fc00a2c39e90264f33305004495a9","hash":"e2552041085985ca29d54612dd095c1f08d70eb9"}
,"C:\\Users\\Aprendiz\\Desktop\\ModaMagica\\moda-magica-backend (1)\\moda-magica-backend\\src\\routes\\categorias\\categorias.routes.js": {"path":"C:\\Users\\Aprendiz\\Desktop\\ModaMagica\\moda-magica-backend (1)\\moda-magica-backend\\src\\routes\\categorias\\categorias.routes.js","statementMap":{"0":{"start":{"line":1,"column":15},"end":{"line":1,"column":42}},"1":{"start":{"line":2,"column":19},"end":{"line":2,"column":80}},"2":{"start":{"line":5,"column":0},"end":{"line":5,"column":35}},"3":{"start":{"line":6,"column":0},"end":{"line":6,"column":39}},"4":{"start":{"line":7,"column":0},"end":{"line":7,"column":36}},"5":{"start":{"line":8,"column":0},"end":{"line":8,"column":38}},"6":{"start":{"line":9,"column":0},"end":{"line":9,"column":41}},"7":{"start":{"line":11,"column":0},"end":{"line":11,"column":24}}},"fnMap":{},"branchMap":{},"s":{"0":1,"1":1,"2":1,"3":1,"4":1,"5":1,"6":1,"7":1},"f":{},"b":{},"_coverageSchema":"1a1c01bbd47fc00a2c39e90264f33305004495a9","hash":"a03d9f815ab190814b62f561590d6f58aa1373bf"}
}
