TN:
SF:src\controllers\Categorias\categorias.controller.js
FN:3,(anonymous_0)
FN:22,(anonymous_1)
FN:33,(anonymous_2)
FN:47,(anonymous_3)
FN:71,(anonymous_4)
FN:99,(anonymous_5)
FNF:6
FNH:6
FNDA:13,(anonymous_0)
FNDA:2,(anonymous_1)
FNDA:3,(anonymous_2)
FNDA:8,(anonymous_3)
FNDA:5,(anonymous_4)
FNDA:3,(anonymous_5)
DA:1,1
DA:3,1
DA:4,13
DA:5,13
DA:7,13
DA:8,2
DA:9,11
DA:10,1
DA:11,10
DA:12,1
DA:14,13
DA:15,2
DA:16,11
DA:17,1
DA:19,13
DA:22,1
DA:23,2
DA:24,2
DA:27,1
DA:29,1
DA:33,1
DA:34,3
DA:35,3
DA:39,2
DA:40,1
DA:41,1
DA:43,1
DA:47,1
DA:48,8
DA:49,8
DA:50,5
DA:52,3
DA:53,3
DA:54,3
DA:58,2
DA:59,1
DA:61,1
DA:65,1
DA:67,1
DA:71,1
DA:72,5
DA:73,5
DA:74,1
DA:76,4
DA:77,4
DA:78,4
DA:82,3
DA:83,1
DA:85,2
DA:91,2
DA:92,1
DA:93,1
DA:95,1
DA:99,1
DA:100,3
DA:108,3
DA:112,2
DA:113,1
DA:114,1
DA:116,1
DA:120,1
LF:61
LH:61
BRDA:7,0,0,2
BRDA:7,0,1,11
BRDA:7,1,0,13
BRDA:7,1,1,12
BRDA:9,2,0,1
BRDA:9,2,1,10
BRDA:11,3,0,1
BRDA:11,3,1,9
BRDA:14,4,0,2
BRDA:14,4,1,11
BRDA:14,5,0,13
BRDA:14,5,1,12
BRDA:16,6,0,1
BRDA:16,6,1,10
BRDA:39,7,0,1
BRDA:39,7,1,1
BRDA:49,8,0,5
BRDA:49,8,1,3
BRDA:58,9,0,1
BRDA:58,9,1,1
BRDA:73,10,0,1
BRDA:73,10,1,4
BRDA:82,11,0,1
BRDA:82,11,1,2
BRDA:91,12,0,1
BRDA:91,12,1,1
BRDA:112,13,0,1
BRDA:112,13,1,1
BRF:28
BRH:28
end_of_record
TN:
SF:src\routes\categorias\categorias.routes.js
FNF:0
FNH:0
DA:1,1
DA:2,1
DA:5,1
DA:6,1
DA:7,1
DA:8,1
DA:9,1
DA:11,1
LF:8
LH:8
BRF:0
BRH:0
end_of_record
